<?xml version="1.0" encoding="UTF-8"?>
<!-- Generated by org.testng.reporters.JUnitReportReporter -->
<testsuite hostname="DESKTOP-M0OO5DE" failures="0" tests="1" name="practiceAppium.Appiumpr1" time="16.977" errors="0" timestamp="2023-01-25T17:55:56 IST" skipped="0">
  <testcase classname="practiceAppium.Appiumpr1" name="testApiDemos" time="16.977"/>
  <system-out/>
</testsuite> <!-- practiceAppium.Appiumpr1 -->
